[2026-01-02T14:11:24.502+0000] {manager.py:469} INFO - Processing files using up to 2 processes at a time 
[2026-01-02T14:11:24.503+0000] {manager.py:470} INFO - Process each file at most once every 30 seconds
[2026-01-02T14:11:24.504+0000] {manager.py:471} INFO - Checking for new files in /opt/airflow/dags every 300 seconds
[2026-01-02T14:11:24.505+0000] {manager.py:738} INFO - Searching for files in /opt/airflow/dags
[2026-01-02T14:11:24.516+0000] {manager.py:741} INFO - There are 1 files in /opt/airflow/dags
[2026-01-02T14:11:24.687+0000] {manager.py:879} INFO - 
================================================================================
DAG File Processing Stats

File Path                              PID  Runtime      # DAGs    # Errors  Last Runtime    Last Run
-----------------------------------  -----  ---------  --------  ----------  --------------  ----------
/opt/airflow/dags/stock_pipeline.py    171  0.11s             0           0
================================================================================
[2026-01-02T14:11:56.275+0000] {manager.py:879} INFO - 
================================================================================
DAG File Processing Stats

File Path                            PID    Runtime      # DAGs    # Errors  Last Runtime    Last Run
-----------------------------------  -----  ---------  --------  ----------  --------------  -------------------
/opt/airflow/dags/stock_pipeline.py                           1           0  0.20s           2026-01-02T14:11:55
================================================================================
[2026-01-02T14:12:29.060+0000] {manager.py:879} INFO - 
================================================================================
DAG File Processing Stats

File Path                            PID    Runtime      # DAGs    # Errors  Last Runtime    Last Run
-----------------------------------  -----  ---------  --------  ----------  --------------  -------------------
/opt/airflow/dags/stock_pipeline.py                           1           0  0.15s           2026-01-02T14:12:26
================================================================================
[2026-01-02T14:13:02.055+0000] {manager.py:879} INFO - 
================================================================================
DAG File Processing Stats

File Path                            PID    Runtime      # DAGs    # Errors  Last Runtime    Last Run
-----------------------------------  -----  ---------  --------  ----------  --------------  -------------------
/opt/airflow/dags/stock_pipeline.py                           1           0  0.12s           2026-01-02T14:12:57
================================================================================
[2026-01-02T14:13:35.106+0000] {manager.py:879} INFO - 
================================================================================
DAG File Processing Stats

File Path                            PID    Runtime      # DAGs    # Errors  Last Runtime    Last Run
-----------------------------------  -----  ---------  --------  ----------  --------------  -------------------
/opt/airflow/dags/stock_pipeline.py                           1           0  0.13s           2026-01-02T14:13:28
================================================================================
[2026-01-02T14:14:08.111+0000] {manager.py:879} INFO - 
================================================================================
DAG File Processing Stats

File Path                            PID    Runtime      # DAGs    # Errors  Last Runtime    Last Run
-----------------------------------  -----  ---------  --------  ----------  --------------  -------------------
/opt/airflow/dags/stock_pipeline.py                           1           0  0.19s           2026-01-02T14:13:59
================================================================================
[2026-01-02T14:14:41.006+0000] {manager.py:879} INFO - 
================================================================================
DAG File Processing Stats

File Path                            PID    Runtime      # DAGs    # Errors  Last Runtime    Last Run
-----------------------------------  -----  ---------  --------  ----------  --------------  -------------------
/opt/airflow/dags/stock_pipeline.py                           1           0  0.10s           2026-01-02T14:14:30
================================================================================
[2026-01-02T14:15:14.270+0000] {manager.py:879} INFO - 
================================================================================
DAG File Processing Stats

File Path                            PID    Runtime      # DAGs    # Errors  Last Runtime    Last Run
-----------------------------------  -----  ---------  --------  ----------  --------------  -------------------
/opt/airflow/dags/stock_pipeline.py                           1           0  0.18s           2026-01-02T14:15:00
================================================================================
[2026-01-02T14:15:47.391+0000] {manager.py:879} INFO - 
================================================================================
DAG File Processing Stats

File Path                            PID    Runtime      # DAGs    # Errors  Last Runtime    Last Run
-----------------------------------  -----  ---------  --------  ----------  --------------  -------------------
/opt/airflow/dags/stock_pipeline.py                           1           0  0.15s           2026-01-02T14:15:31
================================================================================
[2026-01-02T14:15:53.169+0000] {manager.py:451} INFO - Exiting gracefully upon receiving signal 15
[2026-01-02T14:18:00.255+0000] {manager.py:469} INFO - Processing files using up to 2 processes at a time 
[2026-01-02T14:18:00.258+0000] {manager.py:470} INFO - Process each file at most once every 30 seconds
[2026-01-02T14:18:00.258+0000] {manager.py:471} INFO - Checking for new files in /opt/airflow/dags every 300 seconds
[2026-01-02T14:18:00.259+0000] {manager.py:738} INFO - Searching for files in /opt/airflow/dags
[2026-01-02T14:18:00.299+0000] {manager.py:741} INFO - There are 1 files in /opt/airflow/dags
[2026-01-02T14:18:00.499+0000] {manager.py:879} INFO - 
================================================================================
DAG File Processing Stats

File Path                              PID  Runtime      # DAGs    # Errors  Last Runtime    Last Run
-----------------------------------  -----  ---------  --------  ----------  --------------  ----------
/opt/airflow/dags/stock_pipeline.py    170  0.10s             0           0
================================================================================
[2026-01-02T14:18:03.582+0000] {manager.py:451} INFO - Exiting gracefully upon receiving signal 15
[2026-01-02T14:19:23.447+0000] {manager.py:469} INFO - Processing files using up to 2 processes at a time 
[2026-01-02T14:19:23.452+0000] {manager.py:470} INFO - Process each file at most once every 30 seconds
[2026-01-02T14:19:23.455+0000] {manager.py:471} INFO - Checking for new files in /opt/airflow/dags every 300 seconds
[2026-01-02T14:19:23.456+0000] {manager.py:738} INFO - Searching for files in /opt/airflow/dags
[2026-01-02T14:19:23.531+0000] {manager.py:741} INFO - There are 1 files in /opt/airflow/dags
[2026-01-02T14:19:23.694+0000] {manager.py:879} INFO - 
================================================================================
DAG File Processing Stats

File Path                              PID  Runtime      # DAGs    # Errors  Last Runtime    Last Run
-----------------------------------  -----  ---------  --------  ----------  --------------  ----------
/opt/airflow/dags/stock_pipeline.py    171  0.07s             0           0
================================================================================
[2026-01-02T14:19:56.635+0000] {manager.py:879} INFO - 
================================================================================
DAG File Processing Stats

File Path                            PID    Runtime      # DAGs    # Errors  Last Runtime    Last Run
-----------------------------------  -----  ---------  --------  ----------  --------------  -------------------
/opt/airflow/dags/stock_pipeline.py                           1           0  0.10s           2026-01-02T14:19:54
================================================================================
[2026-01-02T14:20:29.629+0000] {manager.py:879} INFO - 
================================================================================
DAG File Processing Stats

File Path                            PID    Runtime      # DAGs    # Errors  Last Runtime    Last Run
-----------------------------------  -----  ---------  --------  ----------  --------------  -------------------
/opt/airflow/dags/stock_pipeline.py                           1           0  0.11s           2026-01-02T14:20:25
================================================================================
[2026-01-02T14:21:02.627+0000] {manager.py:879} INFO - 
================================================================================
DAG File Processing Stats

File Path                            PID    Runtime      # DAGs    # Errors  Last Runtime    Last Run
-----------------------------------  -----  ---------  --------  ----------  --------------  -------------------
/opt/airflow/dags/stock_pipeline.py                           1           0  0.16s           2026-01-02T14:20:56
================================================================================
[2026-01-02T14:21:13.973+0000] {manager.py:451} INFO - Exiting gracefully upon receiving signal 15
[2026-01-02T14:26:21.467+0000] {manager.py:469} INFO - Processing files using up to 2 processes at a time 
[2026-01-02T14:26:21.468+0000] {manager.py:470} INFO - Process each file at most once every 30 seconds
[2026-01-02T14:26:21.469+0000] {manager.py:471} INFO - Checking for new files in /opt/airflow/dags every 300 seconds
[2026-01-02T14:26:21.470+0000] {manager.py:738} INFO - Searching for files in /opt/airflow/dags
[2026-01-02T14:26:21.495+0000] {manager.py:741} INFO - There are 1 files in /opt/airflow/dags
[2026-01-02T14:26:21.618+0000] {manager.py:879} INFO - 
================================================================================
DAG File Processing Stats

File Path                              PID  Runtime      # DAGs    # Errors  Last Runtime    Last Run
-----------------------------------  -----  ---------  --------  ----------  --------------  ----------
/opt/airflow/dags/stock_pipeline.py    171  0.05s             0           0
================================================================================
[2026-01-02T14:26:54.576+0000] {manager.py:879} INFO - 
================================================================================
DAG File Processing Stats

File Path                            PID    Runtime      # DAGs    # Errors  Last Runtime    Last Run
-----------------------------------  -----  ---------  --------  ----------  --------------  -------------------
/opt/airflow/dags/stock_pipeline.py                           1           0  0.11s           2026-01-02T14:26:52
================================================================================
[2026-01-02T14:27:27.690+0000] {manager.py:879} INFO - 
================================================================================
DAG File Processing Stats

File Path                            PID    Runtime      # DAGs    # Errors  Last Runtime    Last Run
-----------------------------------  -----  ---------  --------  ----------  --------------  -------------------
/opt/airflow/dags/stock_pipeline.py                           1           0  0.13s           2026-01-02T14:27:23
================================================================================
[2026-01-02T14:28:00.594+0000] {manager.py:879} INFO - 
================================================================================
DAG File Processing Stats

File Path                            PID    Runtime      # DAGs    # Errors  Last Runtime    Last Run
-----------------------------------  -----  ---------  --------  ----------  --------------  -------------------
/opt/airflow/dags/stock_pipeline.py                           1           0  0.12s           2026-01-02T14:27:54
================================================================================
[2026-01-02T14:28:33.629+0000] {manager.py:879} INFO - 
================================================================================
DAG File Processing Stats

File Path                            PID    Runtime      # DAGs    # Errors  Last Runtime    Last Run
-----------------------------------  -----  ---------  --------  ----------  --------------  -------------------
/opt/airflow/dags/stock_pipeline.py                           1           0  0.14s           2026-01-02T14:28:26
================================================================================
[2026-01-02T14:29:06.557+0000] {manager.py:879} INFO - 
================================================================================
DAG File Processing Stats

File Path                            PID    Runtime      # DAGs    # Errors  Last Runtime    Last Run
-----------------------------------  -----  ---------  --------  ----------  --------------  -------------------
/opt/airflow/dags/stock_pipeline.py                           1           0  0.13s           2026-01-02T14:28:59
================================================================================
[2026-01-02T14:29:39.608+0000] {manager.py:879} INFO - 
================================================================================
DAG File Processing Stats

File Path                            PID    Runtime      # DAGs    # Errors  Last Runtime    Last Run
-----------------------------------  -----  ---------  --------  ----------  --------------  -------------------
/opt/airflow/dags/stock_pipeline.py                           1           0  0.13s           2026-01-02T14:29:31
================================================================================
[2026-01-02T14:30:12.529+0000] {manager.py:879} INFO - 
================================================================================
DAG File Processing Stats

File Path                            PID    Runtime      # DAGs    # Errors  Last Runtime    Last Run
-----------------------------------  -----  ---------  --------  ----------  --------------  -------------------
/opt/airflow/dags/stock_pipeline.py                           1           0  0.13s           2026-01-02T14:30:04
================================================================================
[2026-01-02T14:30:45.672+0000] {manager.py:879} INFO - 
================================================================================
DAG File Processing Stats

File Path                            PID    Runtime      # DAGs    # Errors  Last Runtime    Last Run
-----------------------------------  -----  ---------  --------  ----------  --------------  -------------------
/opt/airflow/dags/stock_pipeline.py                           1           0  0.16s           2026-01-02T14:30:37
================================================================================
[2026-01-02T14:31:18.665+0000] {manager.py:879} INFO - 
================================================================================
DAG File Processing Stats

File Path                            PID    Runtime      # DAGs    # Errors  Last Runtime    Last Run
-----------------------------------  -----  ---------  --------  ----------  --------------  -------------------
/opt/airflow/dags/stock_pipeline.py                           1           0  0.09s           2026-01-02T14:31:09
================================================================================
[2026-01-02T14:31:21.692+0000] {manager.py:738} INFO - Searching for files in /opt/airflow/dags
[2026-01-02T14:31:21.712+0000] {manager.py:741} INFO - There are 1 files in /opt/airflow/dags
[2026-01-02T14:31:51.657+0000] {manager.py:879} INFO - 
================================================================================
DAG File Processing Stats

File Path                            PID    Runtime      # DAGs    # Errors  Last Runtime    Last Run
-----------------------------------  -----  ---------  --------  ----------  --------------  -------------------
/opt/airflow/dags/stock_pipeline.py                           1           0  0.11s           2026-01-02T14:31:42
================================================================================
[2026-01-02T14:32:20.539+0000] {manager.py:879} INFO - 
================================================================================
DAG File Processing Stats

File Path                            PID    Runtime      # DAGs    # Errors  Last Runtime    Last Run
-----------------------------------  -----  ---------  --------  ----------  --------------  -------------------
/opt/airflow/dags/stock_pipeline.py                           1           0  0.09s           2026-01-02T14:32:13
================================================================================
[2026-01-02T14:32:42.086+0000] {manager.py:451} INFO - Exiting gracefully upon receiving signal 15
[2026-01-02T14:41:41.458+0000] {manager.py:469} INFO - Processing files using up to 2 processes at a time 
[2026-01-02T14:41:41.465+0000] {manager.py:470} INFO - Process each file at most once every 30 seconds
[2026-01-02T14:41:41.469+0000] {manager.py:471} INFO - Checking for new files in /opt/airflow/dags every 300 seconds
[2026-01-02T14:41:41.472+0000] {manager.py:738} INFO - Searching for files in /opt/airflow/dags
[2026-01-02T14:41:41.636+0000] {manager.py:741} INFO - There are 1 files in /opt/airflow/dags
[2026-01-02T14:41:41.886+0000] {manager.py:879} INFO - 
================================================================================
DAG File Processing Stats

File Path                              PID  Runtime      # DAGs    # Errors  Last Runtime    Last Run
-----------------------------------  -----  ---------  --------  ----------  --------------  ----------
/opt/airflow/dags/stock_pipeline.py    170  0.13s             0           0
================================================================================
[2026-01-02T14:42:14.845+0000] {manager.py:879} INFO - 
================================================================================
DAG File Processing Stats

File Path                            PID    Runtime      # DAGs    # Errors  Last Runtime    Last Run
-----------------------------------  -----  ---------  --------  ----------  --------------  -------------------
/opt/airflow/dags/stock_pipeline.py                           1           0  0.18s           2026-01-02T14:42:13
================================================================================
[2026-01-02T14:42:47.974+0000] {manager.py:879} INFO - 
================================================================================
DAG File Processing Stats

File Path                            PID    Runtime      # DAGs    # Errors  Last Runtime    Last Run
-----------------------------------  -----  ---------  --------  ----------  --------------  -------------------
/opt/airflow/dags/stock_pipeline.py                           1           0  0.25s           2026-01-02T14:42:43
================================================================================
[2026-01-02T14:43:20.964+0000] {manager.py:879} INFO - 
================================================================================
DAG File Processing Stats

File Path                            PID    Runtime      # DAGs    # Errors  Last Runtime    Last Run
-----------------------------------  -----  ---------  --------  ----------  --------------  -------------------
/opt/airflow/dags/stock_pipeline.py                           1           0  0.15s           2026-01-02T14:43:15
================================================================================
[2026-01-02T14:43:53.884+0000] {manager.py:879} INFO - 
================================================================================
DAG File Processing Stats

File Path                            PID    Runtime      # DAGs    # Errors  Last Runtime    Last Run
-----------------------------------  -----  ---------  --------  ----------  --------------  -------------------
/opt/airflow/dags/stock_pipeline.py                           1           0  0.10s           2026-01-02T14:43:45
================================================================================
[2026-01-02T14:44:26.913+0000] {manager.py:879} INFO - 
================================================================================
DAG File Processing Stats

File Path                            PID    Runtime      # DAGs    # Errors  Last Runtime    Last Run
-----------------------------------  -----  ---------  --------  ----------  --------------  -------------------
/opt/airflow/dags/stock_pipeline.py                           1           0  0.13s           2026-01-02T14:44:16
================================================================================
[2026-01-02T14:44:59.882+0000] {manager.py:879} INFO - 
================================================================================
DAG File Processing Stats

File Path                            PID    Runtime      # DAGs    # Errors  Last Runtime    Last Run
-----------------------------------  -----  ---------  --------  ----------  --------------  -------------------
/opt/airflow/dags/stock_pipeline.py                           1           0  0.13s           2026-01-02T14:44:47
================================================================================
[2026-01-02T14:45:32.870+0000] {manager.py:879} INFO - 
================================================================================
DAG File Processing Stats

File Path                            PID    Runtime      # DAGs    # Errors  Last Runtime    Last Run
-----------------------------------  -----  ---------  --------  ----------  --------------  -------------------
/opt/airflow/dags/stock_pipeline.py                           1           0  0.13s           2026-01-02T14:45:18
================================================================================
[2026-01-02T14:46:05.867+0000] {manager.py:879} INFO - 
================================================================================
DAG File Processing Stats

File Path                            PID    Runtime      # DAGs    # Errors  Last Runtime    Last Run
-----------------------------------  -----  ---------  --------  ----------  --------------  -------------------
/opt/airflow/dags/stock_pipeline.py                           1           0  0.17s           2026-01-02T14:45:50
================================================================================
[2026-01-02T14:46:38.881+0000] {manager.py:879} INFO - 
================================================================================
DAG File Processing Stats

File Path                            PID    Runtime      # DAGs    # Errors  Last Runtime    Last Run
-----------------------------------  -----  ---------  --------  ----------  --------------  -------------------
/opt/airflow/dags/stock_pipeline.py                           1           0  0.14s           2026-01-02T14:46:23
================================================================================
[2026-01-02T14:46:41.904+0000] {manager.py:738} INFO - Searching for files in /opt/airflow/dags
[2026-01-02T14:46:41.930+0000] {manager.py:741} INFO - There are 1 files in /opt/airflow/dags
[2026-01-02T14:47:13.202+0000] {manager.py:879} INFO - 
================================================================================
DAG File Processing Stats

File Path                            PID    Runtime      # DAGs    # Errors  Last Runtime    Last Run
-----------------------------------  -----  ---------  --------  ----------  --------------  -------------------
/opt/airflow/dags/stock_pipeline.py                           1           0  0.11s           2026-01-02T14:46:54
================================================================================
[2026-01-02T14:47:39.397+0000] {manager.py:451} INFO - Exiting gracefully upon receiving signal 15
[2026-01-02T14:48:41.890+0000] {manager.py:469} INFO - Processing files using up to 2 processes at a time 
[2026-01-02T14:48:41.894+0000] {manager.py:470} INFO - Process each file at most once every 30 seconds
[2026-01-02T14:48:41.896+0000] {manager.py:471} INFO - Checking for new files in /opt/airflow/dags every 300 seconds
[2026-01-02T14:48:41.897+0000] {manager.py:738} INFO - Searching for files in /opt/airflow/dags
[2026-01-02T14:48:41.934+0000] {manager.py:741} INFO - There are 1 files in /opt/airflow/dags
[2026-01-02T14:48:42.052+0000] {manager.py:879} INFO - 
================================================================================
DAG File Processing Stats

File Path                              PID  Runtime      # DAGs    # Errors  Last Runtime    Last Run
-----------------------------------  -----  ---------  --------  ----------  --------------  ----------
/opt/airflow/dags/stock_pipeline.py    170  0.05s             0           0
================================================================================
[2026-01-02T14:49:10.849+0000] {manager.py:879} INFO - 
================================================================================
DAG File Processing Stats

File Path                            PID    Runtime      # DAGs    # Errors  Last Runtime    Last Run
-----------------------------------  -----  ---------  --------  ----------  --------------  -------------------
/opt/airflow/dags/stock_pipeline.py                           1           0  0.24s           2026-01-02T14:48:42
================================================================================
[2026-01-02T14:49:43.947+0000] {manager.py:879} INFO - 
================================================================================
DAG File Processing Stats

File Path                              PID  Runtime      # DAGs    # Errors  Last Runtime    Last Run
-----------------------------------  -----  ---------  --------  ----------  --------------  -------------------
/opt/airflow/dags/stock_pipeline.py    180  0.01s             1           0  0.17s           2026-01-02T14:49:13
================================================================================
[2026-01-02T14:50:21.253+0000] {manager.py:879} INFO - 
================================================================================
DAG File Processing Stats

File Path                            PID    Runtime      # DAGs    # Errors  Last Runtime    Last Run
-----------------------------------  -----  ---------  --------  ----------  --------------  -------------------
/opt/airflow/dags/stock_pipeline.py                           1           0  0.26s           2026-01-02T14:50:15
================================================================================
[2026-01-02T14:50:54.180+0000] {manager.py:879} INFO - 
================================================================================
DAG File Processing Stats

File Path                            PID    Runtime      # DAGs    # Errors  Last Runtime    Last Run
-----------------------------------  -----  ---------  --------  ----------  --------------  -------------------
/opt/airflow/dags/stock_pipeline.py                           1           0  0.14s           2026-01-02T14:50:46
================================================================================
[2026-01-02T14:51:27.178+0000] {manager.py:879} INFO - 
================================================================================
DAG File Processing Stats

File Path                            PID    Runtime      # DAGs    # Errors  Last Runtime    Last Run
-----------------------------------  -----  ---------  --------  ----------  --------------  -------------------
/opt/airflow/dags/stock_pipeline.py                           1           0  0.23s           2026-01-02T14:51:18
================================================================================
[2026-01-02T14:52:00.168+0000] {manager.py:879} INFO - 
================================================================================
DAG File Processing Stats

File Path                            PID    Runtime      # DAGs    # Errors  Last Runtime    Last Run
-----------------------------------  -----  ---------  --------  ----------  --------------  -------------------
/opt/airflow/dags/stock_pipeline.py                           1           0  0.20s           2026-01-02T14:51:51
================================================================================
[2026-01-02T14:52:33.197+0000] {manager.py:879} INFO - 
================================================================================
DAG File Processing Stats

File Path                            PID    Runtime      # DAGs    # Errors  Last Runtime    Last Run
-----------------------------------  -----  ---------  --------  ----------  --------------  -------------------
/opt/airflow/dags/stock_pipeline.py                           1           0  0.22s           2026-01-02T14:52:24
================================================================================
[2026-01-02T14:53:06.188+0000] {manager.py:879} INFO - 
================================================================================
DAG File Processing Stats

File Path                            PID    Runtime      # DAGs    # Errors  Last Runtime    Last Run
-----------------------------------  -----  ---------  --------  ----------  --------------  -------------------
/opt/airflow/dags/stock_pipeline.py                           1           0  0.17s           2026-01-02T14:52:56
================================================================================
[2026-01-02T14:53:39.168+0000] {manager.py:879} INFO - 
================================================================================
DAG File Processing Stats

File Path                            PID    Runtime      # DAGs    # Errors  Last Runtime    Last Run
-----------------------------------  -----  ---------  --------  ----------  --------------  -------------------
/opt/airflow/dags/stock_pipeline.py                           1           0  0.13s           2026-01-02T14:53:29
================================================================================
[2026-01-02T14:53:42.194+0000] {manager.py:738} INFO - Searching for files in /opt/airflow/dags
[2026-01-02T14:53:42.225+0000] {manager.py:741} INFO - There are 1 files in /opt/airflow/dags
[2026-01-02T14:54:12.153+0000] {manager.py:879} INFO - 
================================================================================
DAG File Processing Stats

File Path                            PID    Runtime      # DAGs    # Errors  Last Runtime    Last Run
-----------------------------------  -----  ---------  --------  ----------  --------------  -------------------
/opt/airflow/dags/stock_pipeline.py                           1           0  0.12s           2026-01-02T14:54:02
================================================================================
[2026-01-02T14:54:45.170+0000] {manager.py:879} INFO - 
================================================================================
DAG File Processing Stats

File Path                            PID    Runtime      # DAGs    # Errors  Last Runtime    Last Run
-----------------------------------  -----  ---------  --------  ----------  --------------  -------------------
/opt/airflow/dags/stock_pipeline.py                           1           0  0.23s           2026-01-02T14:54:35
================================================================================
[2026-01-02T14:55:18.208+0000] {manager.py:879} INFO - 
================================================================================
DAG File Processing Stats

File Path                            PID    Runtime      # DAGs    # Errors  Last Runtime    Last Run
-----------------------------------  -----  ---------  --------  ----------  --------------  -------------------
/opt/airflow/dags/stock_pipeline.py                           1           0  0.13s           2026-01-02T14:55:07
================================================================================
[2026-01-02T14:55:51.298+0000] {manager.py:879} INFO - 
================================================================================
DAG File Processing Stats

File Path                            PID    Runtime      # DAGs    # Errors  Last Runtime    Last Run
-----------------------------------  -----  ---------  --------  ----------  --------------  -------------------
/opt/airflow/dags/stock_pipeline.py                           1           0  0.42s           2026-01-02T14:55:40
================================================================================
[2026-01-02T14:56:24.237+0000] {manager.py:879} INFO - 
================================================================================
DAG File Processing Stats

File Path                            PID    Runtime      # DAGs    # Errors  Last Runtime    Last Run
-----------------------------------  -----  ---------  --------  ----------  --------------  -------------------
/opt/airflow/dags/stock_pipeline.py                           1           0  0.17s           2026-01-02T14:56:13
================================================================================
[2026-01-02T14:56:57.124+0000] {manager.py:879} INFO - 
================================================================================
DAG File Processing Stats

File Path                            PID    Runtime      # DAGs    # Errors  Last Runtime    Last Run
-----------------------------------  -----  ---------  --------  ----------  --------------  -------------------
/opt/airflow/dags/stock_pipeline.py                           1           0  0.13s           2026-01-02T14:56:46
================================================================================
[2026-01-02T14:57:30.256+0000] {manager.py:879} INFO - 
================================================================================
DAG File Processing Stats

File Path                            PID    Runtime      # DAGs    # Errors  Last Runtime    Last Run
-----------------------------------  -----  ---------  --------  ----------  --------------  -------------------
/opt/airflow/dags/stock_pipeline.py                           1           0  0.31s           2026-01-02T14:57:18
================================================================================
[2026-01-02T14:58:03.443+0000] {manager.py:879} INFO - 
================================================================================
DAG File Processing Stats

File Path                            PID    Runtime      # DAGs    # Errors  Last Runtime    Last Run
-----------------------------------  -----  ---------  --------  ----------  --------------  -------------------
/opt/airflow/dags/stock_pipeline.py                           1           0  0.45s           2026-01-02T14:57:51
================================================================================
[2026-01-02T14:58:36.841+0000] {manager.py:879} INFO - 
================================================================================
DAG File Processing Stats

File Path                            PID    Runtime      # DAGs    # Errors  Last Runtime    Last Run
-----------------------------------  -----  ---------  --------  ----------  --------------  -------------------
/opt/airflow/dags/stock_pipeline.py                           1           0  0.34s           2026-01-02T14:58:24
================================================================================
[2026-01-02T14:58:42.885+0000] {manager.py:738} INFO - Searching for files in /opt/airflow/dags
[2026-01-02T14:58:42.915+0000] {manager.py:741} INFO - There are 1 files in /opt/airflow/dags
[2026-01-02T14:59:09.717+0000] {manager.py:879} INFO - 
================================================================================
DAG File Processing Stats

File Path                            PID    Runtime      # DAGs    # Errors  Last Runtime    Last Run
-----------------------------------  -----  ---------  --------  ----------  --------------  -------------------
/opt/airflow/dags/stock_pipeline.py                           1           0  0.37s           2026-01-02T14:58:56
================================================================================
[2026-01-02T14:59:42.508+0000] {manager.py:879} INFO - 
================================================================================
DAG File Processing Stats

File Path                            PID    Runtime      # DAGs    # Errors  Last Runtime    Last Run
-----------------------------------  -----  ---------  --------  ----------  --------------  -------------------
/opt/airflow/dags/stock_pipeline.py                           1           0  0.44s           2026-01-02T14:59:29
================================================================================
[2026-01-02T15:00:15.479+0000] {manager.py:879} INFO - 
================================================================================
DAG File Processing Stats

File Path                            PID    Runtime      # DAGs    # Errors  Last Runtime    Last Run
-----------------------------------  -----  ---------  --------  ----------  --------------  -------------------
/opt/airflow/dags/stock_pipeline.py                           1           0  0.56s           2026-01-02T15:00:02
================================================================================
[2026-01-02T15:00:48.559+0000] {manager.py:879} INFO - 
================================================================================
DAG File Processing Stats

File Path                            PID    Runtime      # DAGs    # Errors  Last Runtime    Last Run
-----------------------------------  -----  ---------  --------  ----------  --------------  -------------------
/opt/airflow/dags/stock_pipeline.py                           1           0  0.36s           2026-01-02T15:00:34
================================================================================
[2026-01-02T15:01:21.829+0000] {manager.py:879} INFO - 
================================================================================
DAG File Processing Stats

File Path                            PID    Runtime      # DAGs    # Errors  Last Runtime    Last Run
-----------------------------------  -----  ---------  --------  ----------  --------------  -------------------
/opt/airflow/dags/stock_pipeline.py                           1           0  0.31s           2026-01-02T15:01:07
================================================================================
[2026-01-02T15:01:54.879+0000] {manager.py:879} INFO - 
================================================================================
DAG File Processing Stats

File Path                            PID    Runtime      # DAGs    # Errors  Last Runtime    Last Run
-----------------------------------  -----  ---------  --------  ----------  --------------  -------------------
/opt/airflow/dags/stock_pipeline.py                           1           0  0.39s           2026-01-02T15:01:41
================================================================================
[2026-01-02T15:02:28.097+0000] {manager.py:879} INFO - 
================================================================================
DAG File Processing Stats

File Path                            PID    Runtime      # DAGs    # Errors  Last Runtime    Last Run
-----------------------------------  -----  ---------  --------  ----------  --------------  -------------------
/opt/airflow/dags/stock_pipeline.py                           1           0  0.41s           2026-01-02T15:02:13
================================================================================
[2026-01-02T15:03:01.207+0000] {manager.py:879} INFO - 
================================================================================
DAG File Processing Stats

File Path                            PID    Runtime      # DAGs    # Errors  Last Runtime    Last Run
-----------------------------------  -----  ---------  --------  ----------  --------------  -------------------
/opt/airflow/dags/stock_pipeline.py                           1           0  0.36s           2026-01-02T15:02:46
================================================================================
[2026-01-02T15:03:34.463+0000] {manager.py:879} INFO - 
================================================================================
DAG File Processing Stats

File Path                            PID    Runtime      # DAGs    # Errors  Last Runtime    Last Run
-----------------------------------  -----  ---------  --------  ----------  --------------  -------------------
/opt/airflow/dags/stock_pipeline.py                           1           0  0.27s           2026-01-02T15:03:18
================================================================================
[2026-01-02T15:03:43.528+0000] {manager.py:738} INFO - Searching for files in /opt/airflow/dags
[2026-01-02T15:03:43.564+0000] {manager.py:741} INFO - There are 1 files in /opt/airflow/dags
[2026-01-02T15:04:07.546+0000] {manager.py:879} INFO - 
================================================================================
DAG File Processing Stats

File Path                            PID    Runtime      # DAGs    # Errors  Last Runtime    Last Run
-----------------------------------  -----  ---------  --------  ----------  --------------  -------------------
/opt/airflow/dags/stock_pipeline.py                           1           0  0.47s           2026-01-02T15:03:51
================================================================================
[2026-01-02T15:04:40.944+0000] {manager.py:879} INFO - 
================================================================================
DAG File Processing Stats

File Path                            PID    Runtime      # DAGs    # Errors  Last Runtime    Last Run
-----------------------------------  -----  ---------  --------  ----------  --------------  -------------------
/opt/airflow/dags/stock_pipeline.py                           1           0  0.25s           2026-01-02T15:04:24
================================================================================
[2026-01-02T15:05:14.141+0000] {manager.py:879} INFO - 
================================================================================
DAG File Processing Stats

File Path                            PID    Runtime      # DAGs    # Errors  Last Runtime    Last Run
-----------------------------------  -----  ---------  --------  ----------  --------------  -------------------
/opt/airflow/dags/stock_pipeline.py                           1           0  0.50s           2026-01-02T15:04:57
================================================================================
[2026-01-02T15:05:46.892+0000] {manager.py:879} INFO - 
================================================================================
DAG File Processing Stats

File Path                            PID    Runtime      # DAGs    # Errors  Last Runtime    Last Run
-----------------------------------  -----  ---------  --------  ----------  --------------  -------------------
/opt/airflow/dags/stock_pipeline.py                           1           0  0.45s           2026-01-02T15:05:29
================================================================================
[2026-01-02T15:06:19.931+0000] {manager.py:879} INFO - 
================================================================================
DAG File Processing Stats

File Path                            PID    Runtime      # DAGs    # Errors  Last Runtime    Last Run
-----------------------------------  -----  ---------  --------  ----------  --------------  -------------------
/opt/airflow/dags/stock_pipeline.py                           1           0  0.39s           2026-01-02T15:06:02
================================================================================
[2026-01-02T15:06:53.467+0000] {manager.py:879} INFO - 
================================================================================
DAG File Processing Stats

File Path                            PID    Runtime      # DAGs    # Errors  Last Runtime    Last Run
-----------------------------------  -----  ---------  --------  ----------  --------------  -------------------
/opt/airflow/dags/stock_pipeline.py                           1           0  0.50s           2026-01-02T15:06:35
================================================================================
[2026-01-02T15:07:26.435+0000] {manager.py:879} INFO - 
================================================================================
DAG File Processing Stats

File Path                            PID    Runtime      # DAGs    # Errors  Last Runtime    Last Run
-----------------------------------  -----  ---------  --------  ----------  --------------  -------------------
/opt/airflow/dags/stock_pipeline.py                           1           0  0.44s           2026-01-02T15:07:07
================================================================================
[2026-01-02T15:07:59.922+0000] {manager.py:879} INFO - 
================================================================================
DAG File Processing Stats

File Path                            PID    Runtime      # DAGs    # Errors  Last Runtime    Last Run
-----------------------------------  -----  ---------  --------  ----------  --------------  -------------------
/opt/airflow/dags/stock_pipeline.py                           1           0  0.53s           2026-01-02T15:07:40
================================================================================
[2026-01-02T15:08:32.987+0000] {manager.py:879} INFO - 
================================================================================
DAG File Processing Stats

File Path                            PID    Runtime      # DAGs    # Errors  Last Runtime    Last Run
-----------------------------------  -----  ---------  --------  ----------  --------------  -------------------
/opt/airflow/dags/stock_pipeline.py                           1           0  0.44s           2026-01-02T15:08:13
================================================================================
[2026-01-02T15:08:45.861+0000] {manager.py:738} INFO - Searching for files in /opt/airflow/dags
[2026-01-02T15:08:45.898+0000] {manager.py:741} INFO - There are 1 files in /opt/airflow/dags
[2026-01-02T15:09:05.842+0000] {manager.py:879} INFO - 
================================================================================
DAG File Processing Stats

File Path                            PID    Runtime      # DAGs    # Errors  Last Runtime    Last Run
-----------------------------------  -----  ---------  --------  ----------  --------------  -------------------
/opt/airflow/dags/stock_pipeline.py                           1           0  0.74s           2026-01-02T15:08:46
================================================================================
[2026-01-02T15:09:39.233+0000] {manager.py:879} INFO - 
================================================================================
DAG File Processing Stats

File Path                            PID    Runtime      # DAGs    # Errors  Last Runtime    Last Run
-----------------------------------  -----  ---------  --------  ----------  --------------  -------------------
/opt/airflow/dags/stock_pipeline.py                           1           0  0.50s           2026-01-02T15:09:19
================================================================================
[2026-01-02T15:10:12.298+0000] {manager.py:879} INFO - 
================================================================================
DAG File Processing Stats

File Path                            PID    Runtime      # DAGs    # Errors  Last Runtime    Last Run
-----------------------------------  -----  ---------  --------  ----------  --------------  -------------------
/opt/airflow/dags/stock_pipeline.py                           1           0  0.49s           2026-01-02T15:09:51
================================================================================
[2026-01-02T15:10:45.207+0000] {manager.py:879} INFO - 
================================================================================
DAG File Processing Stats

File Path                            PID    Runtime      # DAGs    # Errors  Last Runtime    Last Run
-----------------------------------  -----  ---------  --------  ----------  --------------  -------------------
/opt/airflow/dags/stock_pipeline.py                           1           0  0.45s           2026-01-02T15:10:24
================================================================================
[2026-01-02T15:11:18.163+0000] {manager.py:879} INFO - 
================================================================================
DAG File Processing Stats

File Path                            PID    Runtime      # DAGs    # Errors  Last Runtime    Last Run
-----------------------------------  -----  ---------  --------  ----------  --------------  -------------------
/opt/airflow/dags/stock_pipeline.py                           1           0  0.37s           2026-01-02T15:10:56
================================================================================
[2026-01-02T15:11:51.158+0000] {manager.py:879} INFO - 
================================================================================
DAG File Processing Stats

File Path                            PID    Runtime      # DAGs    # Errors  Last Runtime    Last Run
-----------------------------------  -----  ---------  --------  ----------  --------------  -------------------
/opt/airflow/dags/stock_pipeline.py                           1           0  0.42s           2026-01-02T15:11:30
================================================================================
[2026-01-02T15:12:25.583+0000] {manager.py:879} INFO - 
================================================================================
DAG File Processing Stats

File Path                            PID    Runtime      # DAGs    # Errors  Last Runtime    Last Run
-----------------------------------  -----  ---------  --------  ----------  --------------  -------------------
/opt/airflow/dags/stock_pipeline.py                           1           0  0.37s           2026-01-02T15:12:01
================================================================================
[2026-01-02T15:12:57.180+0000] {manager.py:879} INFO - 
================================================================================
DAG File Processing Stats

File Path                            PID    Runtime      # DAGs    # Errors  Last Runtime    Last Run
-----------------------------------  -----  ---------  --------  ----------  --------------  -------------------
/opt/airflow/dags/stock_pipeline.py                           1           0  0.22s           2026-01-02T15:12:31
================================================================================
[2026-01-02T15:13:30.311+0000] {manager.py:879} INFO - 
================================================================================
DAG File Processing Stats

File Path                            PID    Runtime      # DAGs    # Errors  Last Runtime    Last Run
-----------------------------------  -----  ---------  --------  ----------  --------------  -------------------
/opt/airflow/dags/stock_pipeline.py                           1           0  0.26s           2026-01-02T15:13:02
================================================================================
[2026-01-02T15:13:46.244+0000] {manager.py:738} INFO - Searching for files in /opt/airflow/dags
[2026-01-02T15:13:46.294+0000] {manager.py:741} INFO - There are 1 files in /opt/airflow/dags
[2026-01-02T15:14:03.438+0000] {manager.py:879} INFO - 
================================================================================
DAG File Processing Stats

File Path                            PID    Runtime      # DAGs    # Errors  Last Runtime    Last Run
-----------------------------------  -----  ---------  --------  ----------  --------------  -------------------
/opt/airflow/dags/stock_pipeline.py                           1           0  0.21s           2026-01-02T15:13:33
================================================================================
[2026-01-02T15:14:36.661+0000] {manager.py:879} INFO - 
================================================================================
DAG File Processing Stats

File Path                            PID    Runtime      # DAGs    # Errors  Last Runtime    Last Run
-----------------------------------  -----  ---------  --------  ----------  --------------  -------------------
/opt/airflow/dags/stock_pipeline.py                           1           0  0.39s           2026-01-02T15:14:35
================================================================================
[2026-01-02T15:15:09.457+0000] {manager.py:879} INFO - 
================================================================================
DAG File Processing Stats

File Path                            PID    Runtime      # DAGs    # Errors  Last Runtime    Last Run
-----------------------------------  -----  ---------  --------  ----------  --------------  -------------------
/opt/airflow/dags/stock_pipeline.py                           1           0  0.47s           2026-01-02T15:15:06
================================================================================
[2026-01-02T15:15:42.254+0000] {manager.py:879} INFO - 
================================================================================
DAG File Processing Stats

File Path                            PID    Runtime      # DAGs    # Errors  Last Runtime    Last Run
-----------------------------------  -----  ---------  --------  ----------  --------------  -------------------
/opt/airflow/dags/stock_pipeline.py                           1           0  0.29s           2026-01-02T15:15:37
================================================================================
[2026-01-02T15:16:15.213+0000] {manager.py:879} INFO - 
================================================================================
DAG File Processing Stats

File Path                            PID    Runtime      # DAGs    # Errors  Last Runtime    Last Run
-----------------------------------  -----  ---------  --------  ----------  --------------  -------------------
/opt/airflow/dags/stock_pipeline.py                           1           0  0.24s           2026-01-02T15:16:08
================================================================================
[2026-01-02T15:16:47.962+0000] {manager.py:879} INFO - 
================================================================================
DAG File Processing Stats

File Path                            PID    Runtime      # DAGs    # Errors  Last Runtime    Last Run
-----------------------------------  -----  ---------  --------  ----------  --------------  -------------------
/opt/airflow/dags/stock_pipeline.py                           1           0  0.19s           2026-01-02T15:16:39
================================================================================
[2026-01-02T15:17:21.112+0000] {manager.py:879} INFO - 
================================================================================
DAG File Processing Stats

File Path                            PID    Runtime      # DAGs    # Errors  Last Runtime    Last Run
-----------------------------------  -----  ---------  --------  ----------  --------------  -------------------
/opt/airflow/dags/stock_pipeline.py                           1           0  0.41s           2026-01-02T15:17:10
================================================================================
[2026-01-02T15:17:54.298+0000] {manager.py:879} INFO - 
================================================================================
DAG File Processing Stats

File Path                            PID    Runtime      # DAGs    # Errors  Last Runtime    Last Run
-----------------------------------  -----  ---------  --------  ----------  --------------  -------------------
/opt/airflow/dags/stock_pipeline.py                           1           0  0.43s           2026-01-02T15:17:41
================================================================================
[2026-01-02T15:18:27.541+0000] {manager.py:879} INFO - 
================================================================================
DAG File Processing Stats

File Path                            PID    Runtime      # DAGs    # Errors  Last Runtime    Last Run
-----------------------------------  -----  ---------  --------  ----------  --------------  -------------------
/opt/airflow/dags/stock_pipeline.py                           1           0  0.33s           2026-01-02T15:18:12
================================================================================
[2026-01-02T15:18:46.458+0000] {manager.py:738} INFO - Searching for files in /opt/airflow/dags
[2026-01-02T15:18:46.642+0000] {manager.py:741} INFO - There are 1 files in /opt/airflow/dags
[2026-01-02T15:19:00.861+0000] {manager.py:879} INFO - 
================================================================================
DAG File Processing Stats

File Path                            PID    Runtime      # DAGs    # Errors  Last Runtime    Last Run
-----------------------------------  -----  ---------  --------  ----------  --------------  -------------------
/opt/airflow/dags/stock_pipeline.py                           1           0  0.30s           2026-01-02T15:18:43
================================================================================
[2026-01-02T15:19:33.911+0000] {manager.py:879} INFO - 
================================================================================
DAG File Processing Stats

File Path                            PID    Runtime      # DAGs    # Errors  Last Runtime    Last Run
-----------------------------------  -----  ---------  --------  ----------  --------------  -------------------
/opt/airflow/dags/stock_pipeline.py                           1           0  0.30s           2026-01-02T15:19:14
================================================================================
[2026-01-02T15:20:07.083+0000] {manager.py:879} INFO - 
================================================================================
DAG File Processing Stats

File Path                            PID    Runtime      # DAGs    # Errors  Last Runtime    Last Run
-----------------------------------  -----  ---------  --------  ----------  --------------  -------------------
/opt/airflow/dags/stock_pipeline.py                           1           0  0.29s           2026-01-02T15:19:44
================================================================================
[2026-01-02T15:20:41.484+0000] {manager.py:879} INFO - 
================================================================================
DAG File Processing Stats

File Path                            PID    Runtime      # DAGs    # Errors  Last Runtime    Last Run
-----------------------------------  -----  ---------  --------  ----------  --------------  -------------------
/opt/airflow/dags/stock_pipeline.py                           1           0  0.26s           2026-01-02T15:20:16
================================================================================
[2026-01-02T15:21:13.291+0000] {manager.py:879} INFO - 
================================================================================
DAG File Processing Stats

File Path                            PID    Runtime      # DAGs    # Errors  Last Runtime    Last Run
-----------------------------------  -----  ---------  --------  ----------  --------------  -------------------
/opt/airflow/dags/stock_pipeline.py                           1           0  1.18s           2026-01-02T15:20:48
================================================================================
[2026-01-02T15:21:46.099+0000] {manager.py:879} INFO - 
================================================================================
DAG File Processing Stats

File Path                            PID    Runtime      # DAGs    # Errors  Last Runtime    Last Run
-----------------------------------  -----  ---------  --------  ----------  --------------  -------------------
/opt/airflow/dags/stock_pipeline.py                           1           0  0.66s           2026-01-02T15:21:18
================================================================================
[2026-01-02T15:22:19.399+0000] {manager.py:879} INFO - 
================================================================================
DAG File Processing Stats

File Path                            PID    Runtime      # DAGs    # Errors  Last Runtime    Last Run
-----------------------------------  -----  ---------  --------  ----------  --------------  -------------------
/opt/airflow/dags/stock_pipeline.py                           1           0  0.38s           2026-01-02T15:21:51
================================================================================
[2026-01-02T15:22:52.367+0000] {manager.py:879} INFO - 
================================================================================
DAG File Processing Stats

File Path                            PID    Runtime      # DAGs    # Errors  Last Runtime    Last Run
-----------------------------------  -----  ---------  --------  ----------  --------------  -------------------
/opt/airflow/dags/stock_pipeline.py                           1           0  0.25s           2026-01-02T15:22:24
================================================================================
[2026-01-02T15:23:25.639+0000] {manager.py:879} INFO - 
================================================================================
DAG File Processing Stats

File Path                            PID    Runtime      # DAGs    # Errors  Last Runtime    Last Run
-----------------------------------  -----  ---------  --------  ----------  --------------  -------------------
/opt/airflow/dags/stock_pipeline.py                           1           0  0.50s           2026-01-02T15:22:56
================================================================================
[2026-01-02T15:23:46.492+0000] {manager.py:738} INFO - Searching for files in /opt/airflow/dags
[2026-01-02T15:23:46.552+0000] {manager.py:741} INFO - There are 1 files in /opt/airflow/dags
[2026-01-02T15:23:58.675+0000] {manager.py:879} INFO - 
================================================================================
DAG File Processing Stats

File Path                            PID    Runtime      # DAGs    # Errors  Last Runtime    Last Run
-----------------------------------  -----  ---------  --------  ----------  --------------  -------------------
/opt/airflow/dags/stock_pipeline.py                           1           0  0.28s           2026-01-02T15:23:29
================================================================================
[2026-01-02T15:24:34.804+0000] {manager.py:879} INFO - 
================================================================================
DAG File Processing Stats

File Path                              PID  Runtime      # DAGs    # Errors  Last Runtime    Last Run
-----------------------------------  -----  ---------  --------  ----------  --------------  -------------------
/opt/airflow/dags/stock_pipeline.py    505  0.02s             1           0  0.63s           2026-01-02T15:24:03
================================================================================
[2026-01-02T15:25:07.840+0000] {manager.py:879} INFO - 
================================================================================
DAG File Processing Stats

File Path                              PID  Runtime      # DAGs    # Errors  Last Runtime    Last Run
-----------------------------------  -----  ---------  --------  ----------  --------------  -------------------
/opt/airflow/dags/stock_pipeline.py    510  0.02s             1           0  0.32s           2026-01-02T15:24:35
================================================================================
[2026-01-02T15:25:41.033+0000] {manager.py:879} INFO - 
================================================================================
DAG File Processing Stats

File Path                              PID  Runtime      # DAGs    # Errors  Last Runtime    Last Run
-----------------------------------  -----  ---------  --------  ----------  --------------  -------------------
/opt/airflow/dags/stock_pipeline.py    515  0.01s             1           0  0.28s           2026-01-02T15:25:08
================================================================================
[2026-01-02T15:26:14.062+0000] {manager.py:879} INFO - 
================================================================================
DAG File Processing Stats

File Path                            PID    Runtime      # DAGs    # Errors  Last Runtime    Last Run
-----------------------------------  -----  ---------  --------  ----------  --------------  -------------------
/opt/airflow/dags/stock_pipeline.py                           1           0  0.35s           2026-01-02T15:26:13
================================================================================
[2026-01-02T15:26:47.110+0000] {manager.py:879} INFO - 
================================================================================
DAG File Processing Stats

File Path                            PID    Runtime      # DAGs    # Errors  Last Runtime    Last Run
-----------------------------------  -----  ---------  --------  ----------  --------------  -------------------
/opt/airflow/dags/stock_pipeline.py                           1           0  0.32s           2026-01-02T15:26:46
================================================================================
[2026-01-02T15:27:20.464+0000] {manager.py:879} INFO - 
================================================================================
DAG File Processing Stats

File Path                            PID    Runtime      # DAGs    # Errors  Last Runtime    Last Run
-----------------------------------  -----  ---------  --------  ----------  --------------  -------------------
/opt/airflow/dags/stock_pipeline.py                           1           0  0.34s           2026-01-02T15:27:18
================================================================================
[2026-01-02T15:27:53.386+0000] {manager.py:879} INFO - 
================================================================================
DAG File Processing Stats

File Path                            PID    Runtime      # DAGs    # Errors  Last Runtime    Last Run
-----------------------------------  -----  ---------  --------  ----------  --------------  -------------------
/opt/airflow/dags/stock_pipeline.py                           1           0  0.24s           2026-01-02T15:27:51
================================================================================
[2026-01-02T15:28:26.906+0000] {manager.py:879} INFO - 
================================================================================
DAG File Processing Stats

File Path                            PID    Runtime      # DAGs    # Errors  Last Runtime    Last Run
-----------------------------------  -----  ---------  --------  ----------  --------------  -------------------
/opt/airflow/dags/stock_pipeline.py                           1           0  0.40s           2026-01-02T15:28:24
================================================================================
[2026-01-02T15:28:47.087+0000] {manager.py:738} INFO - Searching for files in /opt/airflow/dags
[2026-01-02T15:28:47.124+0000] {manager.py:741} INFO - There are 1 files in /opt/airflow/dags
[2026-01-02T15:29:00.289+0000] {manager.py:879} INFO - 
================================================================================
DAG File Processing Stats

File Path                            PID    Runtime      # DAGs    # Errors  Last Runtime    Last Run
-----------------------------------  -----  ---------  --------  ----------  --------------  -------------------
/opt/airflow/dags/stock_pipeline.py                           1           0  0.46s           2026-01-02T15:28:57
================================================================================
[2026-01-02T15:29:33.311+0000] {manager.py:879} INFO - 
================================================================================
DAG File Processing Stats

File Path                            PID    Runtime      # DAGs    # Errors  Last Runtime    Last Run
-----------------------------------  -----  ---------  --------  ----------  --------------  -------------------
/opt/airflow/dags/stock_pipeline.py                           1           0  0.22s           2026-01-02T15:29:29
================================================================================
[2026-01-02T15:30:06.475+0000] {manager.py:879} INFO - 
================================================================================
DAG File Processing Stats

File Path                            PID    Runtime      # DAGs    # Errors  Last Runtime    Last Run
-----------------------------------  -----  ---------  --------  ----------  --------------  -------------------
/opt/airflow/dags/stock_pipeline.py                           1           0  0.22s           2026-01-02T15:30:02
================================================================================
[2026-01-02T15:30:39.501+0000] {manager.py:879} INFO - 
================================================================================
DAG File Processing Stats

File Path                            PID    Runtime      # DAGs    # Errors  Last Runtime    Last Run
-----------------------------------  -----  ---------  --------  ----------  --------------  -------------------
/opt/airflow/dags/stock_pipeline.py                           1           0  0.18s           2026-01-02T15:30:35
================================================================================
[2026-01-02T15:31:12.616+0000] {manager.py:879} INFO - 
================================================================================
DAG File Processing Stats

File Path                            PID    Runtime      # DAGs    # Errors  Last Runtime    Last Run
-----------------------------------  -----  ---------  --------  ----------  --------------  -------------------
/opt/airflow/dags/stock_pipeline.py                           1           0  0.24s           2026-01-02T15:31:07
================================================================================
[2026-01-02T15:31:45.623+0000] {manager.py:879} INFO - 
================================================================================
DAG File Processing Stats

File Path                            PID    Runtime      # DAGs    # Errors  Last Runtime    Last Run
-----------------------------------  -----  ---------  --------  ----------  --------------  -------------------
/opt/airflow/dags/stock_pipeline.py                           1           0  0.22s           2026-01-02T15:31:40
================================================================================
[2026-01-02T15:32:18.715+0000] {manager.py:879} INFO - 
================================================================================
DAG File Processing Stats

File Path                            PID    Runtime      # DAGs    # Errors  Last Runtime    Last Run
-----------------------------------  -----  ---------  --------  ----------  --------------  -------------------
/opt/airflow/dags/stock_pipeline.py                           1           0  0.24s           2026-01-02T15:32:13
================================================================================
[2026-01-02T15:32:51.839+0000] {manager.py:879} INFO - 
================================================================================
DAG File Processing Stats

File Path                            PID    Runtime      # DAGs    # Errors  Last Runtime    Last Run
-----------------------------------  -----  ---------  --------  ----------  --------------  -------------------
/opt/airflow/dags/stock_pipeline.py                           1           0  0.19s           2026-01-02T15:32:45
================================================================================
[2026-01-02T15:33:24.872+0000] {manager.py:879} INFO - 
================================================================================
DAG File Processing Stats

File Path                            PID    Runtime      # DAGs    # Errors  Last Runtime    Last Run
-----------------------------------  -----  ---------  --------  ----------  --------------  -------------------
/opt/airflow/dags/stock_pipeline.py                           1           0  0.28s           2026-01-02T15:33:19
================================================================================
[2026-01-02T15:33:47.244+0000] {manager.py:738} INFO - Searching for files in /opt/airflow/dags
[2026-01-02T15:33:47.290+0000] {manager.py:741} INFO - There are 1 files in /opt/airflow/dags
[2026-01-02T15:33:58.177+0000] {manager.py:879} INFO - 
================================================================================
DAG File Processing Stats

File Path                            PID    Runtime      # DAGs    # Errors  Last Runtime    Last Run
-----------------------------------  -----  ---------  --------  ----------  --------------  -------------------
/opt/airflow/dags/stock_pipeline.py                           1           0  0.19s           2026-01-02T15:33:51
================================================================================
[2026-01-02T15:34:31.368+0000] {manager.py:879} INFO - 
================================================================================
DAG File Processing Stats

File Path                            PID    Runtime      # DAGs    # Errors  Last Runtime    Last Run
-----------------------------------  -----  ---------  --------  ----------  --------------  -------------------
/opt/airflow/dags/stock_pipeline.py                           1           0  0.21s           2026-01-02T15:34:24
================================================================================
[2026-01-02T15:35:04.396+0000] {manager.py:879} INFO - 
================================================================================
DAG File Processing Stats

File Path                            PID    Runtime      # DAGs    # Errors  Last Runtime    Last Run
-----------------------------------  -----  ---------  --------  ----------  --------------  -------------------
/opt/airflow/dags/stock_pipeline.py                           1           0  0.27s           2026-01-02T15:34:57
================================================================================
[2026-01-02T15:35:37.567+0000] {manager.py:879} INFO - 
================================================================================
DAG File Processing Stats

File Path                            PID    Runtime      # DAGs    # Errors  Last Runtime    Last Run
-----------------------------------  -----  ---------  --------  ----------  --------------  -------------------
/opt/airflow/dags/stock_pipeline.py                           1           0  0.22s           2026-01-02T15:35:29
================================================================================
[2026-01-02T15:36:10.584+0000] {manager.py:879} INFO - 
================================================================================
DAG File Processing Stats

File Path                            PID    Runtime      # DAGs    # Errors  Last Runtime    Last Run
-----------------------------------  -----  ---------  --------  ----------  --------------  -------------------
/opt/airflow/dags/stock_pipeline.py                           1           0  0.24s           2026-01-02T15:36:02
================================================================================
[2026-01-02T15:36:43.719+0000] {manager.py:879} INFO - 
================================================================================
DAG File Processing Stats

File Path                            PID    Runtime      # DAGs    # Errors  Last Runtime    Last Run
-----------------------------------  -----  ---------  --------  ----------  --------------  -------------------
/opt/airflow/dags/stock_pipeline.py                           1           0  0.19s           2026-01-02T15:36:35
================================================================================
[2026-01-02T15:37:16.656+0000] {manager.py:879} INFO - 
================================================================================
DAG File Processing Stats

File Path                            PID    Runtime      # DAGs    # Errors  Last Runtime    Last Run
-----------------------------------  -----  ---------  --------  ----------  --------------  -------------------
/opt/airflow/dags/stock_pipeline.py                           1           0  0.25s           2026-01-02T15:37:07
================================================================================
[2026-01-02T15:37:49.908+0000] {manager.py:879} INFO - 
================================================================================
DAG File Processing Stats

File Path                            PID    Runtime      # DAGs    # Errors  Last Runtime    Last Run
-----------------------------------  -----  ---------  --------  ----------  --------------  -------------------
/opt/airflow/dags/stock_pipeline.py                           1           0  0.38s           2026-01-02T15:37:40
================================================================================
[2026-01-02T15:38:23.045+0000] {manager.py:879} INFO - 
================================================================================
DAG File Processing Stats

File Path                            PID    Runtime      # DAGs    # Errors  Last Runtime    Last Run
-----------------------------------  -----  ---------  --------  ----------  --------------  -------------------
/opt/airflow/dags/stock_pipeline.py                           1           0  0.32s           2026-01-02T15:38:14
================================================================================
[2026-01-02T15:38:47.301+0000] {manager.py:738} INFO - Searching for files in /opt/airflow/dags
[2026-01-02T15:38:47.358+0000] {manager.py:741} INFO - There are 1 files in /opt/airflow/dags
[2026-01-02T15:38:56.243+0000] {manager.py:879} INFO - 
================================================================================
DAG File Processing Stats

File Path                            PID    Runtime      # DAGs    # Errors  Last Runtime    Last Run
-----------------------------------  -----  ---------  --------  ----------  --------------  -------------------
/opt/airflow/dags/stock_pipeline.py                           1           0  0.33s           2026-01-02T15:38:46
================================================================================
[2026-01-02T15:39:29.434+0000] {manager.py:879} INFO - 
================================================================================
DAG File Processing Stats

File Path                            PID    Runtime      # DAGs    # Errors  Last Runtime    Last Run
-----------------------------------  -----  ---------  --------  ----------  --------------  -------------------
/opt/airflow/dags/stock_pipeline.py                           1           0  0.41s           2026-01-02T15:39:19
================================================================================
[2026-01-02T15:40:03.086+0000] {manager.py:879} INFO - 
================================================================================
DAG File Processing Stats

File Path                            PID    Runtime      # DAGs    # Errors  Last Runtime    Last Run
-----------------------------------  -----  ---------  --------  ----------  --------------  -------------------
/opt/airflow/dags/stock_pipeline.py                           1           0  0.29s           2026-01-02T15:39:51
================================================================================
[2026-01-02T15:40:36.166+0000] {manager.py:879} INFO - 
================================================================================
DAG File Processing Stats

File Path                            PID    Runtime      # DAGs    # Errors  Last Runtime    Last Run
-----------------------------------  -----  ---------  --------  ----------  --------------  -------------------
/opt/airflow/dags/stock_pipeline.py                           1           0  0.66s           2026-01-02T15:40:24
================================================================================
[2026-01-02T15:41:08.026+0000] {manager.py:451} INFO - Exiting gracefully upon receiving signal 15
[2026-01-02T15:42:06.523+0000] {manager.py:469} INFO - Processing files using up to 2 processes at a time 
[2026-01-02T15:42:06.525+0000] {manager.py:470} INFO - Process each file at most once every 30 seconds
[2026-01-02T15:42:06.526+0000] {manager.py:471} INFO - Checking for new files in /opt/airflow/dags every 300 seconds
[2026-01-02T15:42:06.527+0000] {manager.py:738} INFO - Searching for files in /opt/airflow/dags
[2026-01-02T15:42:06.581+0000] {manager.py:741} INFO - There are 1 files in /opt/airflow/dags
[2026-01-02T15:42:06.827+0000] {manager.py:879} INFO - 
================================================================================
DAG File Processing Stats

File Path                              PID  Runtime      # DAGs    # Errors  Last Runtime    Last Run
-----------------------------------  -----  ---------  --------  ----------  --------------  ----------
/opt/airflow/dags/stock_pipeline.py    172  0.13s             0           0
================================================================================
[2026-01-02T15:42:39.799+0000] {manager.py:879} INFO - 
================================================================================
DAG File Processing Stats

File Path                            PID    Runtime      # DAGs    # Errors  Last Runtime    Last Run
-----------------------------------  -----  ---------  --------  ----------  --------------  -------------------
/opt/airflow/dags/stock_pipeline.py                           1           0  0.22s           2026-01-02T15:42:37
================================================================================
[2026-01-02T15:43:12.986+0000] {manager.py:879} INFO - 
================================================================================
DAG File Processing Stats

File Path                            PID    Runtime      # DAGs    # Errors  Last Runtime    Last Run
-----------------------------------  -----  ---------  --------  ----------  --------------  -------------------
/opt/airflow/dags/stock_pipeline.py                           1           0  0.20s           2026-01-02T15:43:08
================================================================================
[2026-01-02T15:43:45.988+0000] {manager.py:879} INFO - 
================================================================================
DAG File Processing Stats

File Path                            PID    Runtime      # DAGs    # Errors  Last Runtime    Last Run
-----------------------------------  -----  ---------  --------  ----------  --------------  -------------------
/opt/airflow/dags/stock_pipeline.py                           1           0  0.20s           2026-01-02T15:43:41
================================================================================
[2026-01-02T15:44:19.109+0000] {manager.py:879} INFO - 
================================================================================
DAG File Processing Stats

File Path                            PID    Runtime      # DAGs    # Errors  Last Runtime    Last Run
-----------------------------------  -----  ---------  --------  ----------  --------------  -------------------
/opt/airflow/dags/stock_pipeline.py                           1           0  0.23s           2026-01-02T15:44:13
================================================================================
[2026-01-02T15:44:52.275+0000] {manager.py:879} INFO - 
================================================================================
DAG File Processing Stats

File Path                            PID    Runtime      # DAGs    # Errors  Last Runtime    Last Run
-----------------------------------  -----  ---------  --------  ----------  --------------  -------------------
/opt/airflow/dags/stock_pipeline.py                           1           0  0.24s           2026-01-02T15:44:46
================================================================================
[2026-01-02T15:45:25.330+0000] {manager.py:879} INFO - 
================================================================================
DAG File Processing Stats

File Path                            PID    Runtime      # DAGs    # Errors  Last Runtime    Last Run
-----------------------------------  -----  ---------  --------  ----------  --------------  -------------------
/opt/airflow/dags/stock_pipeline.py                           1           0  0.23s           2026-01-02T15:45:19
================================================================================
[2026-01-02T15:45:58.427+0000] {manager.py:879} INFO - 
================================================================================
DAG File Processing Stats

File Path                            PID    Runtime      # DAGs    # Errors  Last Runtime    Last Run
-----------------------------------  -----  ---------  --------  ----------  --------------  -------------------
/opt/airflow/dags/stock_pipeline.py                           1           0  0.23s           2026-01-02T15:45:51
================================================================================
[2026-01-02T15:46:31.462+0000] {manager.py:879} INFO - 
================================================================================
DAG File Processing Stats

File Path                            PID    Runtime      # DAGs    # Errors  Last Runtime    Last Run
-----------------------------------  -----  ---------  --------  ----------  --------------  -------------------
/opt/airflow/dags/stock_pipeline.py                           1           0  0.18s           2026-01-02T15:46:24
================================================================================
[2026-01-02T15:47:04.553+0000] {manager.py:879} INFO - 
================================================================================
DAG File Processing Stats

File Path                            PID    Runtime      # DAGs    # Errors  Last Runtime    Last Run
-----------------------------------  -----  ---------  --------  ----------  --------------  -------------------
/opt/airflow/dags/stock_pipeline.py                           1           0  0.46s           2026-01-02T15:46:57
================================================================================
[2026-01-02T15:47:06.573+0000] {manager.py:738} INFO - Searching for files in /opt/airflow/dags
[2026-01-02T15:47:06.618+0000] {manager.py:741} INFO - There are 1 files in /opt/airflow/dags
[2026-01-02T15:47:37.950+0000] {manager.py:879} INFO - 
================================================================================
DAG File Processing Stats

File Path                            PID    Runtime      # DAGs    # Errors  Last Runtime    Last Run
-----------------------------------  -----  ---------  --------  ----------  --------------  -------------------
/opt/airflow/dags/stock_pipeline.py                           1           0  0.51s           2026-01-02T15:47:30
================================================================================
[2026-01-02T15:48:11.152+0000] {manager.py:879} INFO - 
================================================================================
DAG File Processing Stats

File Path                            PID    Runtime      # DAGs    # Errors  Last Runtime    Last Run
-----------------------------------  -----  ---------  --------  ----------  --------------  -------------------
/opt/airflow/dags/stock_pipeline.py                           1           0  0.53s           2026-01-02T15:48:03
================================================================================
[2026-01-02T15:48:44.475+0000] {manager.py:879} INFO - 
================================================================================
DAG File Processing Stats

File Path                            PID    Runtime      # DAGs    # Errors  Last Runtime    Last Run
-----------------------------------  -----  ---------  --------  ----------  --------------  -------------------
/opt/airflow/dags/stock_pipeline.py                           1           0  0.49s           2026-01-02T15:48:35
================================================================================
[2026-01-02T15:49:17.699+0000] {manager.py:879} INFO - 
================================================================================
DAG File Processing Stats

File Path                            PID    Runtime      # DAGs    # Errors  Last Runtime    Last Run
-----------------------------------  -----  ---------  --------  ----------  --------------  -------------------
/opt/airflow/dags/stock_pipeline.py                           1           0  0.38s           2026-01-02T15:49:07
================================================================================
[2026-01-02T15:49:50.618+0000] {manager.py:879} INFO - 
================================================================================
DAG File Processing Stats

File Path                            PID    Runtime      # DAGs    # Errors  Last Runtime    Last Run
-----------------------------------  -----  ---------  --------  ----------  --------------  -------------------
/opt/airflow/dags/stock_pipeline.py                           1           0  0.32s           2026-01-02T15:49:40
================================================================================
[2026-01-02T15:50:23.951+0000] {manager.py:879} INFO - 
================================================================================
DAG File Processing Stats

File Path                            PID    Runtime      # DAGs    # Errors  Last Runtime    Last Run
-----------------------------------  -----  ---------  --------  ----------  --------------  -------------------
/opt/airflow/dags/stock_pipeline.py                           1           0  0.30s           2026-01-02T15:50:13
================================================================================
[2026-01-02T15:50:57.021+0000] {manager.py:879} INFO - 
================================================================================
DAG File Processing Stats

File Path                            PID    Runtime      # DAGs    # Errors  Last Runtime    Last Run
-----------------------------------  -----  ---------  --------  ----------  --------------  -------------------
/opt/airflow/dags/stock_pipeline.py                           1           0  0.37s           2026-01-02T15:50:46
================================================================================
[2026-01-02T15:51:30.345+0000] {manager.py:879} INFO - 
================================================================================
DAG File Processing Stats

File Path                            PID    Runtime      # DAGs    # Errors  Last Runtime    Last Run
-----------------------------------  -----  ---------  --------  ----------  --------------  -------------------
/opt/airflow/dags/stock_pipeline.py                           1           0  0.44s           2026-01-02T15:51:19
================================================================================
[2026-01-02T15:52:03.423+0000] {manager.py:879} INFO - 
================================================================================
DAG File Processing Stats

File Path                            PID    Runtime      # DAGs    # Errors  Last Runtime    Last Run
-----------------------------------  -----  ---------  --------  ----------  --------------  -------------------
/opt/airflow/dags/stock_pipeline.py                           1           0  0.32s           2026-01-02T15:51:51
================================================================================
[2026-01-02T15:52:06.650+0000] {manager.py:738} INFO - Searching for files in /opt/airflow/dags
[2026-01-02T15:52:06.694+0000] {manager.py:741} INFO - There are 1 files in /opt/airflow/dags
[2026-01-02T15:52:36.674+0000] {manager.py:879} INFO - 
================================================================================
DAG File Processing Stats

File Path                            PID    Runtime      # DAGs    # Errors  Last Runtime    Last Run
-----------------------------------  -----  ---------  --------  ----------  --------------  -------------------
/opt/airflow/dags/stock_pipeline.py                           1           0  0.52s           2026-01-02T15:52:24
================================================================================
[2026-01-02T15:53:09.890+0000] {manager.py:879} INFO - 
================================================================================
DAG File Processing Stats

File Path                            PID    Runtime      # DAGs    # Errors  Last Runtime    Last Run
-----------------------------------  -----  ---------  --------  ----------  --------------  -------------------
/opt/airflow/dags/stock_pipeline.py                           1           0  0.39s           2026-01-02T15:52:57
================================================================================
[2026-01-02T15:53:43.241+0000] {manager.py:879} INFO - 
================================================================================
DAG File Processing Stats

File Path                            PID    Runtime      # DAGs    # Errors  Last Runtime    Last Run
-----------------------------------  -----  ---------  --------  ----------  --------------  -------------------
/opt/airflow/dags/stock_pipeline.py                           1           0  0.38s           2026-01-02T15:53:30
================================================================================
[2026-01-02T15:54:16.248+0000] {manager.py:879} INFO - 
================================================================================
DAG File Processing Stats

File Path                            PID    Runtime      # DAGs    # Errors  Last Runtime    Last Run
-----------------------------------  -----  ---------  --------  ----------  --------------  -------------------
/opt/airflow/dags/stock_pipeline.py                           1           0  0.36s           2026-01-02T15:54:03
================================================================================
[2026-01-02T15:54:49.519+0000] {manager.py:879} INFO - 
================================================================================
DAG File Processing Stats

File Path                            PID    Runtime      # DAGs    # Errors  Last Runtime    Last Run
-----------------------------------  -----  ---------  --------  ----------  --------------  -------------------
/opt/airflow/dags/stock_pipeline.py                           1           0  0.37s           2026-01-02T15:54:35
================================================================================
[2026-01-02T15:55:22.591+0000] {manager.py:879} INFO - 
================================================================================
DAG File Processing Stats

File Path                            PID    Runtime      # DAGs    # Errors  Last Runtime    Last Run
-----------------------------------  -----  ---------  --------  ----------  --------------  -------------------
/opt/airflow/dags/stock_pipeline.py                           1           0  0.32s           2026-01-02T15:55:08
================================================================================
[2026-01-02T15:55:55.795+0000] {manager.py:879} INFO - 
================================================================================
DAG File Processing Stats

File Path                            PID    Runtime      # DAGs    # Errors  Last Runtime    Last Run
-----------------------------------  -----  ---------  --------  ----------  --------------  -------------------
/opt/airflow/dags/stock_pipeline.py                           1           0  0.28s           2026-01-02T15:55:40
================================================================================
